TN:
SF:/kb/module/lib/SampleService/SampleServiceImpl.py
DA:4,1
DA:6,1
DA:7,1
DA:8,1
DA:9,1
DA:10,1
DA:11,1
DA:12,1
DA:14,1
DA:26,1
DA:27,1
DA:28,1
DA:29,1
DA:30,1
DA:32,1
DA:33,1
DA:39,1
DA:58,1
DA:59,1
DA:60,1
DA:67,1
DA:69,1
DA:71,0
DA:73,1
DA:182,0
DA:183,0
DA:184,0
DA:188,0
DA:190,0
DA:194,0
DA:195,0
DA:198,0
DA:200,1
DA:296,0
DA:297,0
DA:300,0
DA:302,0
DA:306,0
DA:307,0
DA:310,0
DA:312,1
DA:404,0
DA:405,0
DA:406,0
DA:407,0
DA:408,0
DA:409,0
DA:411,0
DA:414,0
DA:416,0
DA:420,0
DA:421,0
DA:424,0
DA:426,1
DA:454,0
DA:455,0
DA:459,0
DA:461,0
DA:465,0
DA:466,0
DA:469,0
DA:471,1
DA:505,0
DA:506,0
DA:507,0
DA:511,0
DA:513,0
DA:515,1
DA:544,0
DA:545,0
DA:546,0
DA:550,0
DA:552,0
DA:554,1
DA:589,0
DA:590,0
DA:594,0
DA:595,0
DA:598,0
DA:600,1
DA:667,0
DA:668,0
DA:669,0
DA:673,0
DA:679,0
DA:683,0
DA:684,0
DA:687,0
DA:689,1
DA:716,0
DA:717,0
DA:718,0
DA:722,0
DA:727,0
DA:729,1
DA:785,0
DA:786,0
DA:787,0
DA:791,0
DA:793,0
DA:799,0
DA:800,0
DA:803,0
DA:805,1
DA:858,0
DA:859,0
DA:860,0
DA:864,0
DA:866,0
DA:872,0
DA:873,0
DA:876,0
DA:878,1
DA:977,0
DA:978,0
DA:979,0
DA:981,0
DA:985,0
DA:986,0
DA:989,0
DA:991,1
DA:1031,0
DA:1032,0
DA:1036,0
DA:1037,0
DA:1041,0
DA:1042,0
DA:1045,0
DA:1047,1
DA:1145,0
DA:1146,0
DA:1147,0
DA:1148,0
DA:1149,0
DA:1150,0
DA:1154,0
DA:1155,0
DA:1158,0
DA:1160,1
DA:1162,0
DA:1170,0
LF:141
LH:37
end_of_record
TN:
SF:/kb/module/lib/SampleService/core/acls.py
DA:5,1
DA:7,1
DA:9,1
DA:10,1
DA:15,1
DA:19,1
DA:24,1
DA:28,1
DA:29,1
DA:30,1
DA:31,1
DA:32,1
DA:35,1
DA:39,1
DA:40,1
DA:41,1
DA:44,1
DA:55,1
DA:71,1
DA:72,1
DA:73,1
DA:74,1
DA:75,1
DA:77,1
DA:78,1
DA:79,1
DA:83,1
DA:85,1
DA:86,1
DA:89,1
DA:91,1
DA:97,1
DA:98,1
DA:99,1
DA:100,1
DA:101,1
DA:102,1
DA:103,1
DA:106,1
DA:123,1
DA:146,1
DA:147,1
DA:148,1
DA:149,1
DA:150,1
DA:151,1
DA:152,1
DA:153,1
DA:154,1
DA:155,1
DA:156,1
DA:158,1
DA:159,1
DA:160,1
DA:166,1
DA:168,1
DA:169,1
DA:173,1
DA:185,1
DA:205,1
DA:206,1
DA:207,1
DA:208,1
DA:209,1
DA:210,1
DA:211,1
DA:213,1
DA:223,1
DA:224,1
DA:225,1
DA:226,1
DA:227,1
DA:230,1
DA:231,1
DA:232,1
DA:233,1
DA:236,1
DA:237,1
DA:240,1
DA:241,1
DA:243,1
DA:244,1
DA:245,1
DA:246,1
DA:249,1
DA:250,1
DA:254,1
DA:258,1
DA:259,1
DA:260,1
DA:266,1
DA:268,1
DA:269,1
LF:93
LH:93
end_of_record
TN:
SF:/kb/module/lib/SampleService/core/api_translation.py
DA:6,1
DA:7,1
DA:8,1
DA:10,1
DA:11,1
DA:20,1
DA:21,1
DA:22,1
DA:27,1
DA:28,1
DA:34,1
DA:35,1
DA:37,1
DA:41,1
DA:50,1
DA:51,1
DA:52,1
DA:53,1
DA:54,1
DA:55,1
DA:57,1
DA:60,1
DA:74,1
DA:75,1
DA:76,1
DA:77,1
DA:78,1
DA:79,1
DA:80,1
DA:83,1
DA:97,1
DA:98,1
DA:99,1
DA:100,1
DA:101,1
DA:102,1
DA:103,1
DA:104,1
DA:105,1
DA:106,1
DA:107,1
DA:108,1
DA:109,1
DA:112,1
DA:119,1
DA:122,1
DA:132,1
DA:133,1
DA:134,1
DA:135,1
DA:136,1
DA:138,1
DA:141,1
DA:152,1
DA:153,1
DA:154,1
DA:155,1
DA:156,1
DA:157,1
DA:158,1
DA:159,1
DA:160,1
DA:161,1
DA:163,1
DA:164,1
DA:165,1
DA:166,1
DA:167,1
DA:170,1
DA:181,0
DA:182,0
DA:183,0
DA:184,0
DA:185,0
DA:186,0
DA:187,0
DA:188,0
DA:189,0
DA:190,0
DA:191,0
DA:192,0
DA:194,0
DA:196,1
DA:197,1
DA:198,1
DA:199,1
DA:200,1
DA:201,1
DA:202,1
DA:204,1
DA:205,1
DA:206,1
DA:207,1
DA:209,1
DA:210,1
DA:212,1
DA:213,1
DA:214,1
DA:215,1
DA:216,1
DA:218,1
DA:219,1
DA:221,1
DA:224,1
DA:225,1
DA:226,1
DA:227,1
DA:228,1
DA:229,1
DA:230,1
DA:231,1
DA:233,1
DA:234,1
DA:236,1
DA:237,1
DA:238,1
DA:240,1
DA:241,1
DA:242,1
DA:245,1
DA:248,1
DA:249,1
DA:250,1
DA:251,1
DA:252,1
DA:253,1
DA:254,1
DA:255,1
DA:256,1
DA:257,1
DA:258,1
DA:259,1
DA:263,1
DA:264,1
DA:266,1
DA:267,1
DA:269,1
DA:270,1
DA:271,1
DA:273,1
DA:274,1
DA:275,1
DA:278,1
DA:279,1
DA:280,1
DA:281,1
DA:284,1
DA:287,1
DA:288,1
DA:289,1
DA:290,1
DA:293,1
DA:303,1
DA:304,1
DA:305,1
DA:306,1
DA:307,1
DA:308,1
DA:309,1
DA:312,1
DA:325,1
DA:329,1
DA:336,1
DA:344,1
DA:353,1
DA:354,1
DA:355,1
DA:356,1
DA:357,1
DA:360,1
DA:361,1
DA:364,1
DA:372,1
DA:380,1
DA:388,1
DA:389,1
DA:390,1
DA:391,1
DA:393,1
DA:400,1
DA:409,1
DA:410,1
DA:411,1
DA:412,1
DA:413,1
DA:415,1
DA:417,1
DA:426,1
DA:427,1
DA:428,1
DA:429,1
DA:430,1
DA:431,1
DA:432,1
DA:433,1
DA:434,1
DA:435,1
DA:436,1
DA:439,1
DA:466,1
DA:467,1
DA:468,1
DA:469,1
DA:470,1
DA:471,1
DA:472,1
DA:473,1
DA:475,1
DA:476,1
DA:477,1
DA:478,1
DA:479,1
DA:481,1
DA:482,1
DA:483,1
DA:484,1
DA:485,1
DA:487,1
DA:490,1
DA:502,1
DA:503,1
DA:504,1
DA:505,1
DA:506,1
DA:507,1
DA:508,1
DA:509,1
DA:512,1
DA:513,1
DA:514,1
DA:515,1
DA:516,1
DA:517,1
DA:519,1
DA:520,1
DA:523,1
DA:543,1
DA:544,1
DA:550,1
DA:551,1
DA:554,1
DA:564,1
DA:565,1
DA:568,1
DA:577,1
DA:578,1
DA:581,1
DA:582,1
DA:583,1
DA:584,1
DA:585,1
DA:587,1
DA:588,1
DA:589,1
DA:590,1
DA:593,1
DA:600,1
DA:601,1
DA:602,1
DA:603,1
DA:615,1
LF:261
LH:248
end_of_record
TN:
SF:/kb/module/lib/SampleService/core/arg_checkers.py
DA:5,1
DA:6,1
DA:7,1
DA:8,1
DA:10,1
DA:13,1
DA:21,1
DA:22,1
DA:23,1
DA:26,1
DA:41,1
DA:42,1
DA:43,1
DA:44,1
DA:45,1
DA:46,1
DA:47,1
DA:50,1
DA:59,1
DA:60,1
DA:61,1
DA:62,1
DA:65,1
DA:75,1
DA:76,1
DA:77,1
DA:80,1
DA:98,1
DA:99,1
DA:100,1
DA:101,1
DA:102,1
DA:103,1
DA:104,1
DA:105,1
DA:106,1
DA:107,1
DA:108,1
DA:111,1
DA:121,1
DA:125,1
DA:126,1
LF:42
LH:42
end_of_record
TN:
SF:/kb/module/lib/SampleService/core/config.py
DA:8,1
DA:9,1
DA:10,1
DA:11,1
DA:12,1
DA:14,1
DA:15,1
DA:16,1
DA:17,1
DA:18,1
DA:20,1
DA:21,1
DA:22,1
DA:23,1
DA:25,1
DA:26,1
DA:27,1
DA:28,1
DA:31,1
DA:38,1
DA:39,1
DA:40,1
DA:41,1
DA:42,1
DA:43,1
DA:45,1
DA:47,1
DA:49,1
DA:51,1
DA:52,1
DA:54,1
DA:56,1
DA:59,1
DA:62,1
DA:63,1
DA:64,1
DA:65,1
DA:66,1
DA:68,1
DA:69,1
DA:72,1
DA:75,1
DA:76,1
DA:77,1
DA:79,1
DA:85,1
DA:112,1
DA:114,0
DA:115,0
DA:117,0
DA:129,0
DA:130,0
DA:131,0
DA:132,0
DA:133,0
DA:135,0
DA:136,0
DA:137,0
DA:138,0
DA:139,0
DA:142,1
DA:151,1
DA:152,1
DA:153,1
DA:154,1
DA:155,1
DA:156,1
DA:159,1
DA:160,1
DA:165,1
DA:208,1
DA:217,1
DA:218,1
DA:219,1
DA:220,1
DA:221,1
DA:223,1
DA:224,1
DA:226,1
DA:228,1
DA:232,1
DA:236,1
DA:239,1
DA:240,1
DA:241,1
DA:242,1
DA:243,1
DA:244,1
DA:245,1
DA:246,1
DA:247,1
DA:248,1
DA:249,1
DA:250,1
DA:251,1
DA:254,1
DA:255,1
LF:97
LH:84
end_of_record
TN:
SF:/kb/module/lib/SampleService/core/core_types.py
DA:5,1
DA:7,1
LF:2
LH:2
end_of_record
TN:
SF:/kb/module/lib/SampleService/core/data_link.py
DA:6,1
DA:8,1
DA:9,1
DA:11,1
DA:12,1
DA:13,1
DA:14,1
DA:15,1
DA:18,1
DA:30,1
DA:52,1
DA:53,1
DA:54,1
DA:55,1
DA:56,1
DA:57,1
DA:58,1
DA:59,1
DA:60,1
DA:61,1
DA:62,1
DA:63,1
DA:65,1
DA:73,1
DA:74,1
DA:76,1
DA:77,1
DA:85,1
DA:86,1
DA:87,1
DA:91,1
DA:93,1
DA:94,1
LF:33
LH:33
end_of_record
TN:
SF:/kb/module/lib/SampleService/core/errors.py
DA:4,1
DA:5,1
DA:8,1
DA:27,1
DA:30,1
DA:33,1
DA:36,1
DA:39,1
DA:42,1
DA:45,1
DA:48,1
DA:51,1
DA:54,1
DA:57,1
DA:60,1
DA:63,1
DA:66,1
DA:69,1
DA:70,1
DA:71,1
DA:74,1
DA:82,1
DA:90,1
DA:91,1
DA:92,1
DA:93,1
DA:94,1
DA:95,1
DA:96,1
DA:97,1
DA:98,1
DA:99,1
DA:102,1
DA:107,1
DA:108,1
DA:111,1
DA:116,1
DA:117,1
DA:120,1
DA:125,1
DA:126,1
DA:129,1
DA:134,1
DA:135,1
DA:138,1
DA:143,1
DA:144,1
DA:147,1
DA:152,1
DA:153,1
DA:156,1
DA:161,1
DA:162,1
DA:165,1
DA:170,1
DA:171,1
DA:174,1
DA:179,1
DA:180,0
DA:183,1
DA:188,1
DA:189,0
DA:192,1
DA:197,1
DA:198,0
DA:201,1
DA:206,1
DA:207,0
DA:210,1
DA:215,1
DA:216,0
DA:219,1
DA:224,1
DA:225,0
LF:74
LH:68
end_of_record
TN:
SF:/kb/module/lib/SampleService/core/notification.py
DA:5,1
DA:6,1
DA:8,1
DA:9,1
DA:11,1
DA:13,1
DA:19,1
DA:58,1
DA:59,1
DA:60,1
DA:61,1
DA:62,1
DA:63,1
DA:64,1
DA:65,1
DA:67,1
DA:69,1
DA:78,1
DA:79,1
DA:80,1
DA:81,1
DA:82,1
DA:89,1
DA:104,0
DA:106,1
DA:113,0
DA:114,0
DA:115,0
DA:121,1
DA:127,0
DA:132,1
DA:138,0
DA:143,1
DA:149,0
DA:154,1
DA:155,0
DA:156,0
DA:157,0
DA:159,0
DA:161,1
DA:166,0
DA:167,0
LF:42
LH:29
end_of_record
TN:
SF:/kb/module/lib/SampleService/core/sample.py
DA:5,1
DA:6,1
DA:7,1
DA:8,1
DA:9,1
DA:10,1
DA:11,1
DA:12,1
DA:13,1
DA:14,1
DA:18,1
DA:19,1
DA:20,1
DA:21,1
DA:27,1
DA:28,1
DA:30,1
DA:31,1
DA:32,1
DA:35,1
DA:36,1
DA:43,1
DA:45,1
DA:47,1
DA:48,1
DA:51,1
DA:52,1
DA:55,1
DA:56,1
DA:59,1
DA:68,1
DA:78,1
DA:79,1
DA:80,1
DA:82,1
DA:83,1
DA:84,1
DA:88,1
DA:90,1
DA:91,1
DA:97,1
DA:110,1
DA:136,1
DA:137,1
DA:138,1
DA:139,1
DA:140,1
DA:141,1
DA:142,1
DA:143,1
DA:144,1
DA:145,1
DA:146,1
DA:147,1
DA:148,1
DA:149,1
DA:150,1
DA:156,1
DA:157,1
DA:158,1
DA:165,1
DA:167,1
DA:168,1
DA:176,1
DA:177,1
DA:178,1
DA:179,1
DA:180,1
DA:181,1
DA:183,1
DA:187,1
DA:188,1
DA:189,1
DA:190,1
DA:191,1
DA:194,1
DA:195,1
DA:196,1
DA:198,1
DA:201,1
DA:203,1
DA:204,1
DA:206,1
DA:207,1
DA:208,1
DA:209,1
DA:212,1
DA:213,1
DA:217,1
DA:218,1
DA:219,1
DA:220,1
DA:221,1
DA:224,1
DA:225,1
DA:229,1
DA:232,1
DA:233,1
DA:234,1
DA:235,1
DA:236,1
DA:237,1
DA:240,1
DA:241,1
DA:244,1
DA:245,1
DA:246,1
DA:247,1
DA:248,1
DA:249,1
DA:252,1
DA:253,1
DA:255,1
DA:256,1
DA:261,1
DA:262,1
DA:266,1
DA:274,1
DA:291,1
DA:292,1
DA:293,1
DA:294,1
DA:295,1
DA:297,1
DA:298,1
DA:300,1
DA:301,1
DA:302,1
DA:303,1
DA:304,1
DA:307,1
DA:308,1
DA:309,1
DA:310,1
DA:311,1
DA:312,1
DA:314,1
DA:315,1
DA:317,1
DA:318,1
DA:319,1
DA:320,1
DA:322,1
DA:323,1
DA:329,1
DA:342,1
DA:368,1
DA:369,1
DA:370,1
DA:371,1
DA:372,1
DA:373,1
DA:374,1
DA:376,1
DA:377,1
DA:378,1
DA:384,1
DA:386,1
DA:387,1
DA:394,1
DA:395,1
DA:398,1
DA:406,1
DA:413,1
DA:414,1
DA:415,1
DA:416,1
DA:418,1
DA:419,1
DA:421,1
DA:422,1
DA:423,1
DA:424,1
DA:426,1
DA:427,1
DA:430,1
DA:439,1
DA:447,1
DA:448,1
DA:449,1
DA:451,1
DA:452,1
DA:454,1
DA:455,1
DA:456,1
DA:458,1
DA:460,1
DA:461,1
LF:188
LH:188
end_of_record
TN:
SF:/kb/module/lib/SampleService/core/samples.py
DA:5,1
DA:6,1
DA:7,1
DA:9,1
DA:11,1
DA:12,1
DA:13,1
DA:14,1
DA:15,1
DA:16,1
DA:17,1
DA:24,1
DA:25,1
DA:26,1
DA:27,1
DA:28,1
DA:29,1
DA:30,1
DA:31,1
DA:32,1
DA:33,1
DA:38,1
DA:43,1
DA:65,1
DA:66,1
DA:67,1
DA:68,1
DA:69,1
DA:70,1
DA:71,1
DA:73,1
DA:99,1
DA:100,1
DA:101,1
DA:102,1
DA:103,1
DA:104,1
DA:105,1
DA:106,1
DA:107,1
DA:109,1
DA:110,1
DA:112,1
DA:113,1
DA:114,1
DA:115,1
DA:116,1
DA:118,1
DA:125,1
DA:126,1
DA:127,1
DA:128,1
DA:129,1
DA:130,0
DA:131,1
DA:132,1
DA:133,1
DA:135,1
DA:142,1
DA:143,1
DA:144,1
DA:145,1
DA:146,1
DA:147,1
DA:148,1
DA:149,1
DA:150,1
DA:152,1
DA:157,1
DA:158,1
DA:159,1
DA:160,1
DA:161,1
DA:162,1
DA:163,1
DA:164,1
DA:165,1
DA:166,1
DA:168,1
DA:187,1
DA:188,1
DA:189,1
DA:190,1
DA:192,1
DA:199,1
DA:200,1
DA:201,1
DA:203,1
DA:215,1
DA:216,1
DA:217,1
DA:219,1
DA:238,1
DA:239,1
DA:240,1
DA:241,1
DA:243,1
DA:244,1
DA:245,1
DA:246,1
DA:247,1
DA:248,1
DA:249,1
DA:256,1
DA:257,1
DA:258,1
DA:259,1
DA:260,1
DA:261,1
DA:262,1
DA:264,1
DA:286,1
DA:287,1
DA:288,1
DA:289,1
DA:292,1
DA:294,1
DA:295,1
DA:296,1
DA:300,1
DA:301,1
DA:302,1
DA:305,1
DA:306,1
DA:307,1
DA:308,1
DA:309,1
DA:310,1
DA:312,1
DA:325,1
DA:326,1
DA:327,1
DA:328,1
DA:330,1
DA:332,1
DA:367,1
DA:368,1
DA:369,1
DA:371,1
DA:372,1
DA:373,1
DA:374,1
DA:375,1
DA:376,1
DA:377,1
DA:378,1
DA:379,1
DA:381,1
DA:396,1
DA:397,1
DA:400,1
DA:401,1
DA:402,1
DA:405,1
DA:412,1
DA:413,1
DA:414,1
DA:416,1
DA:437,1
DA:438,1
DA:439,1
DA:440,1
DA:442,1
DA:444,1
DA:445,1
DA:446,1
DA:448,1
DA:449,1
DA:451,1
DA:472,1
DA:473,1
DA:475,1
DA:476,1
DA:477,1
DA:479,1
DA:500,1
DA:501,1
DA:504,1
DA:505,1
DA:506,1
DA:509,1
DA:511,1
DA:522,1
DA:524,1
DA:530,1
DA:531,1
DA:532,1
DA:533,0
DA:534,1
LF:189
LH:187
end_of_record
TN:
SF:/kb/module/lib/SampleService/core/storage/arango_sample_storage.py
DA:67,1
DA:68,1
DA:69,1
DA:70,1
DA:71,1
DA:72,1
DA:73,1
DA:75,1
DA:76,1
DA:77,1
DA:79,1
DA:80,1
DA:86,1
DA:87,1
DA:88,1
DA:97,1
DA:105,1
DA:106,1
DA:107,1
DA:108,1
DA:109,1
DA:111,1
DA:112,1
DA:113,1
DA:114,1
DA:115,1
DA:116,1
DA:117,1
DA:118,1
DA:119,1
DA:120,1
DA:121,1
DA:123,1
DA:124,1
DA:125,1
DA:126,1
DA:127,1
DA:128,1
DA:129,1
DA:130,1
DA:131,1
DA:132,1
DA:133,1
DA:134,1
DA:135,1
DA:136,1
DA:138,1
DA:139,1
DA:140,1
DA:141,1
DA:142,1
DA:143,1
DA:145,1
DA:147,1
DA:148,1
DA:149,1
DA:150,1
DA:151,1
DA:152,1
DA:153,1
DA:154,1
DA:155,1
DA:156,1
DA:157,1
DA:158,1
DA:159,1
DA:162,1
DA:164,1
DA:169,1
DA:171,1
DA:173,1
DA:175,1
DA:178,1
DA:183,1
DA:227,0
DA:228,0
DA:229,0
DA:231,0
DA:233,0
DA:235,0
DA:238,0
DA:240,0
DA:242,0
DA:247,0
DA:249,0
DA:251,0
DA:252,0
DA:253,0
DA:254,0
DA:255,0
DA:256,0
DA:257,0
DA:259,0
DA:261,1
DA:262,0
DA:263,0
DA:264,0
DA:265,0
DA:266,0
DA:267,0
DA:268,0
DA:270,0
DA:272,0
DA:275,0
DA:277,0
DA:278,0
DA:280,0
DA:282,1
DA:283,0
DA:284,0
DA:285,0
DA:288,0
DA:289,0
DA:291,0
DA:294,0
DA:295,0
DA:296,0
DA:299,0
DA:300,0
DA:301,0
DA:304,0
DA:305,0
DA:308,0
DA:310,0
DA:312,1
DA:313,0
DA:314,0
DA:316,1
DA:318,0
DA:319,0
DA:320,0
DA:321,0
DA:322,0
DA:323,0
DA:324,0
DA:325,0
DA:327,0
DA:329,0
DA:330,0
DA:331,0
DA:333,0
DA:334,0
DA:336,0
DA:338,1
DA:339,0
DA:340,0
DA:341,0
DA:342,0
DA:344,1
DA:345,0
DA:346,0
DA:349,0
DA:350,0
DA:351,0
DA:352,0
DA:353,0
DA:355,0
DA:367,1
DA:368,0
DA:369,0
DA:370,0
DA:371,0
DA:373,1
DA:380,0
DA:381,0
DA:382,0
DA:383,0
DA:384,0
DA:385,0
DA:387,1
DA:391,0
DA:392,0
DA:393,0
DA:395,1
DA:407,0
DA:408,0
DA:409,0
DA:410,0
DA:414,1
DA:416,0
DA:418,0
DA:421,0
DA:433,0
DA:434,0
DA:435,0
DA:437,0
DA:438,0
DA:440,0
DA:441,0
DA:442,0
DA:444,1
DA:445,0
DA:446,0
DA:447,0
DA:450,0
DA:451,0
DA:453,0
DA:454,0
DA:456,1
DA:457,0
DA:458,0
DA:459,0
DA:461,0
DA:463,0
DA:464,0
DA:466,1
DA:467,0
DA:469,0
DA:470,0
DA:471,0
DA:472,0
DA:473,0
DA:486,0
DA:487,0
DA:489,0
DA:490,0
DA:491,0
DA:496,0
DA:497,0
DA:498,0
DA:501,0
DA:504,0
DA:513,0
DA:517,0
DA:522,0
DA:530,1
DA:531,0
DA:532,0
DA:533,0
DA:538,0
DA:540,1
DA:542,0
DA:543,0
DA:544,0
DA:545,0
DA:548,1
DA:549,0
DA:553,1
DA:555,0
DA:556,0
DA:557,0
DA:563,1
DA:564,0
DA:565,0
DA:566,0
DA:567,0
DA:569,1
DA:570,0
DA:571,0
DA:572,0
DA:573,0
DA:575,1
DA:576,0
DA:577,0
DA:578,0
DA:579,0
DA:581,1
DA:582,0
DA:583,0
DA:584,0
DA:585,0
DA:587,1
DA:602,0
DA:603,0
DA:604,0
DA:605,0
DA:606,0
DA:607,0
DA:608,0
DA:609,0
DA:610,0
DA:613,0
DA:617,1
DA:619,0
DA:621,0
DA:623,0
DA:626,0
DA:627,0
DA:629,0
DA:634,0
DA:637,0
DA:641,0
DA:642,0
DA:643,0
DA:644,0
DA:645,0
DA:647,0
DA:648,0
DA:653,0
DA:655,0
DA:658,0
DA:660,0
DA:661,0
DA:663,1
DA:673,0
DA:675,0
DA:676,0
DA:678,0
DA:681,1
DA:685,0
DA:686,0
DA:687,0
DA:688,0
DA:689,0
DA:690,0
DA:691,0
DA:692,0
DA:693,0
DA:696,0
DA:701,0
DA:703,1
DA:705,0
DA:706,0
DA:707,0
DA:711,0
DA:712,0
DA:714,1
DA:716,0
DA:717,0
DA:718,0
DA:719,0
DA:720,0
DA:721,0
DA:723,1
DA:725,0
DA:726,0
DA:728,0
DA:730,1
DA:732,0
DA:733,0
DA:734,0
DA:735,0
DA:736,0
DA:737,0
DA:740,0
DA:742,0
DA:743,0
DA:744,0
DA:745,0
DA:746,0
DA:747,0
DA:748,0
DA:749,0
DA:751,1
DA:752,0
DA:754,1
DA:755,0
DA:757,1
DA:758,0
DA:760,1
DA:761,0
DA:763,1
DA:767,0
DA:769,1
DA:770,0
DA:773,1
DA:774,0
DA:775,0
DA:776,0
DA:777,0
DA:778,0
DA:779,0
DA:780,0
DA:782,1
DA:783,0
DA:784,0
DA:785,0
DA:786,0
DA:787,0
DA:789,0
DA:792,1
DA:795,0
DA:796,0
DA:797,0
DA:798,0
DA:800,0
DA:801,0
DA:802,0
DA:806,0
DA:807,0
DA:816,0
DA:817,0
DA:821,0
DA:822,0
DA:824,1
DA:825,0
DA:826,0
DA:827,0
DA:828,0
DA:829,0
DA:830,0
DA:832,1
DA:833,0
DA:834,0
DA:835,0
DA:836,0
DA:838,0
DA:840,1
DA:841,0
DA:842,0
DA:843,0
DA:844,0
DA:846,1
DA:847,0
DA:848,0
DA:849,0
DA:850,0
DA:852,1
DA:861,0
DA:862,0
DA:863,0
DA:872,1
DA:888,0
DA:889,0
DA:894,0
DA:903,0
DA:913,0
DA:914,0
DA:915,0
DA:917,0
DA:918,0
DA:919,0
DA:920,0
DA:922,1
DA:936,0
DA:937,0
DA:938,0
DA:939,0
DA:943,0
DA:944,0
DA:946,1
DA:964,1
DA:983,1
DA:997,0
DA:998,0
DA:999,0
DA:1000,0
DA:1002,0
DA:1011,0
DA:1012,0
DA:1013,0
DA:1015,0
DA:1016,0
DA:1019,0
DA:1020,0
DA:1021,0
DA:1023,0
DA:1024,0
DA:1030,0
DA:1031,0
DA:1032,0
DA:1036,0
DA:1039,0
DA:1040,0
DA:1042,1
DA:1088,0
DA:1089,0
DA:1090,0
DA:1091,0
DA:1094,0
DA:1095,0
DA:1096,0
DA:1097,0
DA:1098,0
DA:1101,0
DA:1108,0
DA:1110,0
DA:1111,0
DA:1112,0
DA:1113,0
DA:1114,0
DA:1115,0
DA:1116,0
DA:1117,0
DA:1118,0
DA:1125,0
DA:1129,0
DA:1131,0
DA:1135,0
DA:1136,0
DA:1141,0
DA:1142,0
DA:1148,0
DA:1149,0
DA:1151,0
DA:1152,0
DA:1155,0
DA:1157,0
DA:1158,0
DA:1160,1
DA:1161,0
DA:1162,0
DA:1163,0
DA:1165,0
DA:1167,1
DA:1168,0
DA:1169,0
DA:1170,0
DA:1171,0
DA:1174,0
DA:1176,1
DA:1177,0
DA:1179,0
DA:1182,1
DA:1188,0
DA:1197,0
DA:1199,1
DA:1200,0
DA:1202,0
DA:1203,0
DA:1207,1
DA:1213,0
DA:1220,0
DA:1222,1
DA:1223,0
DA:1224,0
DA:1225,0
DA:1231,0
DA:1241,0
DA:1242,0
DA:1243,0
DA:1244,0
DA:1245,0
DA:1247,1
DA:1248,0
DA:1249,0
DA:1250,0
DA:1251,0
DA:1254,1
DA:1255,0
DA:1256,0
DA:1258,1
DA:1261,0
DA:1262,0
DA:1264,0
DA:1266,0
DA:1267,0
DA:1268,0
DA:1269,0
DA:1271,1
DA:1272,0
DA:1273,0
DA:1274,0
DA:1276,0
DA:1277,0
DA:1299,1
DA:1301,0
DA:1302,0
DA:1303,0
DA:1304,0
DA:1305,0
DA:1306,0
DA:1307,0
DA:1308,0
DA:1309,0
DA:1310,0
DA:1311,0
DA:1313,1
DA:1314,0
DA:1315,0
DA:1316,0
DA:1317,0
DA:1318,0
DA:1320,1
DA:1339,0
DA:1340,0
DA:1341,0
DA:1342,0
DA:1343,0
DA:1344,0
DA:1345,0
DA:1346,0
DA:1347,0
DA:1349,0
DA:1350,0
DA:1352,0
DA:1353,0
DA:1355,0
DA:1359,1
DA:1361,0
DA:1363,0
DA:1364,0
DA:1365,0
DA:1373,0
DA:1379,0
DA:1381,0
DA:1382,0
DA:1383,0
DA:1384,0
DA:1385,0
DA:1389,0
DA:1391,0
DA:1392,0
DA:1393,0
DA:1394,0
DA:1405,0
DA:1406,0
DA:1407,0
DA:1409,0
DA:1411,1
DA:1421,0
DA:1422,0
DA:1423,0
DA:1424,0
DA:1426,0
DA:1428,1
DA:1429,0
DA:1430,0
DA:1445,1
DA:1446,0
DA:1452,1
DA:1469,0
DA:1470,0
DA:1471,0
DA:1472,0
DA:1473,0
DA:1478,0
DA:1479,0
DA:1482,0
DA:1483,0
DA:1484,0
DA:1485,0
DA:1486,0
DA:1498,0
DA:1500,1
DA:1501,0
DA:1502,0
DA:1503,0
DA:1504,0
DA:1505,0
DA:1506,0
DA:1507,0
DA:1509,1
DA:1518,0
DA:1519,0
DA:1520,0
DA:1529,0
DA:1536,0
DA:1538,1
DA:1550,0
DA:1551,0
DA:1552,0
DA:1561,0
DA:1570,0
DA:1574,1
DA:1575,0
DA:1576,0
DA:1577,0
DA:1578,0
DA:1579,0
LF:650
LH:147
end_of_record
TN:
SF:/kb/module/lib/SampleService/core/storage/errors.py
DA:6,1
DA:12,1
DA:18,1
LF:3
LH:3
end_of_record
TN:
SF:/kb/module/lib/SampleService/core/user.py
DA:3,1
DA:6,1
DA:16,1
DA:22,1
DA:24,1
DA:25,1
DA:27,1
DA:28,1
DA:30,1
DA:31,1
DA:32,1
DA:33,1
DA:35,1
DA:36,1
LF:14
LH:14
end_of_record
TN:
SF:/kb/module/lib/SampleService/core/user_lookup.py
DA:6,1
DA:7,1
DA:8,1
DA:10,1
DA:11,1
DA:13,1
DA:14,1
DA:15,1
DA:16,1
DA:19,1
DA:22,1
DA:43,1
DA:44,1
DA:45,1
DA:46,1
DA:47,1
DA:48,1
DA:49,1
DA:50,1
DA:51,1
DA:52,1
DA:54,1
DA:69,1
DA:71,1
DA:76,1
DA:77,1
DA:78,1
DA:79,1
DA:80,1
DA:81,1
DA:83,1
DA:84,1
DA:87,0
DA:88,0
DA:89,0
DA:90,0
DA:95,0
DA:97,1
DA:107,0
DA:108,0
DA:109,0
DA:110,0
DA:111,0
DA:113,0
DA:114,0
DA:115,0
DA:117,0
DA:119,0
DA:120,0
DA:121,0
DA:122,0
DA:123,0
DA:125,0
DA:127,1
DA:136,0
DA:138,0
DA:139,0
DA:140,0
DA:141,0
DA:142,0
DA:143,0
DA:144,0
DA:145,0
DA:146,0
DA:148,1
DA:149,0
DA:150,0
DA:151,0
DA:152,0
DA:153,0
DA:154,0
DA:157,1
DA:161,1
DA:165,1
LF:74
LH:38
end_of_record
TN:
SF:/kb/module/lib/SampleService/core/validator/builtin.py
DA:16,1
DA:17,1
DA:18,1
DA:20,1
DA:21,1
DA:22,1
DA:23,1
DA:24,1
DA:25,1
DA:26,1
DA:27,1
DA:29,1
DA:31,1
DA:32,1
DA:33,1
DA:34,1
DA:35,1
DA:37,1
DA:38,1
DA:39,1
DA:40,1
DA:41,1
DA:42,1
DA:45,1
DA:46,1
DA:47,1
DA:48,1
DA:49,1
DA:50,1
DA:53,1
DA:54,1
DA:55,1
DA:58,1
DA:64,1
DA:66,1
DA:67,1
DA:69,1
DA:72,1
DA:92,1
DA:93,1
DA:94,1
DA:96,1
DA:97,1
DA:98,1
DA:99,1
DA:100,1
DA:101,1
DA:103,1
DA:107,1
DA:108,1
DA:111,1
DA:112,1
DA:113,1
DA:114,1
DA:115,1
DA:116,1
DA:117,1
DA:118,1
DA:119,1
DA:121,1
DA:122,1
DA:125,1
DA:126,1
DA:127,1
DA:128,1
DA:129,1
DA:130,1
DA:131,1
DA:133,1
DA:135,1
DA:136,1
DA:139,1
DA:153,1
DA:154,1
DA:155,1
DA:156,1
DA:157,1
DA:158,1
DA:159,1
DA:160,1
DA:161,1
DA:163,1
DA:164,1
DA:165,1
DA:167,1
DA:168,1
DA:169,1
DA:170,1
DA:172,1
DA:175,1
DA:176,1
DA:177,1
DA:178,1
DA:180,1
DA:181,1
DA:184,1
DA:185,1
DA:189,1
DA:190,1
DA:191,1
DA:192,1
DA:193,1
DA:194,1
DA:195,1
DA:196,1
DA:197,1
DA:198,1
DA:199,1
DA:202,1
DA:203,1
DA:211,1
DA:222,1
DA:223,1
DA:224,1
DA:225,1
DA:226,1
DA:227,1
DA:228,1
DA:229,1
DA:230,1
DA:231,1
DA:232,1
DA:233,1
DA:234,1
DA:238,1
DA:239,1
DA:240,1
DA:241,1
DA:243,1
DA:244,1
DA:245,1
DA:246,1
DA:247,1
DA:248,1
DA:249,1
DA:250,1
DA:251,1
DA:252,1
DA:254,1
DA:255,1
DA:256,1
DA:257,1
DA:258,1
DA:259,1
DA:261,1
DA:262,1
DA:264,1
DA:267,1
DA:292,1
DA:293,1
DA:294,1
DA:295,1
DA:297,1
DA:299,1
DA:300,1
DA:301,1
DA:302,1
DA:303,1
DA:304,1
DA:305,1
DA:306,1
DA:307,1
DA:308,1
DA:309,1
DA:311,1
DA:312,1
DA:314,1
DA:315,1
DA:316,1
DA:317,1
DA:318,1
DA:319,1
DA:322,1
DA:323,1
DA:324,1
DA:325,1
DA:326,1
DA:327,1
DA:328,1
DA:329,1
DA:332,1
DA:333,1
DA:334,1
DA:335,1
DA:336,1
DA:338,1
DA:339,1
DA:340,1
DA:341,1
DA:342,1
DA:343,1
DA:344,1
DA:345,1
DA:346,1
DA:347,1
DA:348,1
DA:349,1
DA:350,1
DA:351,1
DA:352,1
DA:353,1
DA:354,1
DA:355,1
DA:358,1
DA:359,1
DA:360,1
DA:361,1
DA:364,1
DA:375,1
DA:377,1
DA:378,1
DA:379,1
DA:380,1
DA:381,1
DA:383,1
DA:384,1
DA:385,1
DA:386,1
DA:387,1
DA:389,1
DA:390,1
DA:391,1
DA:392,1
DA:393,1
DA:394,1
DA:395,1
DA:396,1
DA:397,1
DA:399,1
DA:400,1
DA:401,1
DA:402,1
DA:404,1
DA:406,1
DA:407,1
DA:408,1
DA:409,1
DA:410,1
DA:411,1
DA:413,1
DA:414,1
DA:415,1
DA:416,1
DA:418,1
DA:419,1
DA:420,1
DA:421,1
DA:422,1
DA:423,1
DA:424,1
DA:426,1
DA:428,1
LF:252
LH:252
end_of_record
TN:
SF:/kb/module/lib/SampleService/core/validator/metadata_validator.py
DA:5,1
DA:7,1
DA:8,1
DA:10,1
DA:11,1
DA:12,1
DA:13,1
DA:14,1
DA:17,1
DA:42,1
DA:71,1
DA:72,1
DA:73,1
DA:75,1
DA:76,1
DA:77,1
DA:79,1
DA:85,1
DA:88,1
DA:93,1
DA:99,1
DA:100,1
DA:102,1
DA:103,1
DA:104,1
DA:105,1
DA:106,1
DA:107,1
DA:108,1
DA:109,1
DA:111,1
DA:112,1
DA:113,1
DA:114,1
DA:115,1
DA:116,1
DA:118,1
DA:123,1
DA:125,1
DA:130,1
DA:132,1
DA:141,1
DA:143,1
DA:144,1
DA:145,1
DA:146,1
DA:147,1
DA:148,1
DA:149,1
DA:150,1
DA:151,1
DA:153,1
DA:168,1
DA:169,1
DA:171,1
DA:172,1
DA:173,1
DA:174,1
DA:175,1
DA:176,1
DA:177,1
DA:178,1
DA:179,1
DA:181,1
DA:187,1
DA:188,1
DA:189,1
DA:191,1
DA:197,1
DA:198,1
DA:199,1
DA:201,1
DA:214,1
DA:215,1
DA:216,1
DA:217,1
DA:220,1
DA:222,1
DA:237,1
DA:238,1
DA:239,1
DA:240,1
DA:243,1
DA:245,1
DA:246,1
DA:255,1
DA:269,1
DA:270,1
DA:271,1
DA:272,1
DA:273,1
DA:274,1
DA:275,1
DA:276,1
DA:283,1
DA:285,1
DA:286,1
DA:287,1
DA:288,1
DA:289,1
DA:290,1
DA:291,1
DA:292,1
DA:293,1
DA:294,1
DA:295,1
DA:304,1
DA:305,1
DA:307,1
DA:309,1
DA:310,1
DA:311,1
DA:312,1
DA:320,1
DA:322,1
LF:115
LH:115
end_of_record
TN:
SF:/kb/module/lib/SampleService/core/workspace.py
DA:5,1
DA:6,1
DA:8,1
DA:9,1
DA:11,1
DA:12,1
DA:13,1
DA:14,1
DA:15,1
DA:16,1
DA:17,1
DA:20,1
DA:24,1
DA:25,1
DA:26,1
DA:27,1
DA:30,1
DA:37,1
DA:43,1
DA:56,1
DA:67,1
DA:68,1
DA:70,1
DA:74,1
DA:75,1
DA:76,1
DA:77,1
DA:78,1
DA:80,1
DA:81,1
DA:82,1
DA:83,1
DA:84,1
DA:88,1
DA:89,1
DA:90,1
DA:91,1
DA:92,1
DA:93,1
DA:94,1
DA:95,1
DA:97,1
DA:98,1
DA:100,1
DA:101,1
DA:102,1
DA:104,1
DA:106,1
DA:107,1
DA:110,1
DA:122,1
DA:130,1
DA:131,1
DA:133,1
DA:134,1
DA:135,1
DA:137,1
DA:139,1
DA:140,1
DA:141,1
DA:142,1
DA:144,1
DA:145,1
DA:148,1
DA:153,1
DA:162,1
DA:164,1
DA:166,1
DA:189,1
DA:190,1
DA:191,1
DA:192,1
DA:193,1
DA:194,1
DA:195,1
DA:196,1
DA:197,1
DA:198,1
DA:200,1
DA:201,1
DA:202,1
DA:204,1
DA:205,1
DA:209,1
DA:212,1
DA:213,1
DA:215,1
DA:216,1
DA:217,1
DA:220,1
DA:221,1
DA:222,1
DA:223,1
DA:228,1
DA:232,1
DA:233,1
DA:235,1
DA:245,1
DA:246,1
DA:247,1
DA:251,1
DA:252,1
DA:254,1
DA:255,1
DA:257,1
DA:258,1
LF:106
LH:106
end_of_record
